[12-Mar-2018 21:28:25 UTC] PHP Fatal error:  Uncaught exception 'PDOException' with message 'SQLSTATE[HY000] [1049] Unknown database 'otermart'' in /home/ubuntu/workspace/mmensinger/challenges/challeng4/reports.php:36
Stack trace:
#0 /home/ubuntu/workspace/mmensinger/challenges/challeng4/reports.php(36): PDO->__construct('mysql:host=loca...', 'root', '')
#1 {main}
  thrown in /home/ubuntu/workspace/mmensinger/challenges/challeng4/reports.php on line 36
[12-Mar-2018 21:37:37 UTC] PHP Fatal error:  Uncaught exception 'PDOException' with message 'SQLSTATE[42S22]: Column not found: 1054 Unknown column 'product.productName' in 'field list'' in /home/ubuntu/workspace/mmensinger/challenges/challeng4/reports.php:48
Stack trace:
#0 /home/ubuntu/workspace/mmensinger/challenges/challeng4/reports.php(48): PDOStatement->execute()
#1 {main}
  thrown in /home/ubuntu/workspace/mmensinger/challenges/challeng4/reports.php on line 48
[12-Mar-2018 21:37:46 UTC] PHP Fatal error:  Uncaught exception 'PDOException' with message 'SQLSTATE[42S22]: Column not found: 1054 Unknown column 'product.productName' in 'field list'' in /home/ubuntu/workspace/mmensinger/challenges/challeng4/reports.php:48
Stack trace:
#0 /home/ubuntu/workspace/mmensinger/challenges/challeng4/reports.php(48): PDOStatement->execute()
#1 {main}
  thrown in /home/ubuntu/workspace/mmensinger/challenges/challeng4/reports.php on line 48
[12-Mar-2018 21:37:48 UTC] PHP Fatal error:  Uncaught exception 'PDOException' with message 'SQLSTATE[42S22]: Column not found: 1054 Unknown column 'product.productName' in 'field list'' in /home/ubuntu/workspace/mmensinger/challenges/challeng4/reports.php:48
Stack trace:
#0 /home/ubuntu/workspace/mmensinger/challenges/challeng4/reports.php(48): PDOStatement->execute()
#1 {main}
  thrown in /home/ubuntu/workspace/mmensinger/challenges/challeng4/reports.php on line 48
[12-Mar-2018 21:38:03 UTC] PHP Fatal error:  Uncaught exception 'PDOException' with message 'SQLSTATE[42S22]: Column not found: 1054 Unknown column 'user.email' in 'where clause'' in /home/ubuntu/workspace/mmensinger/challenges/challeng4/reports.php:48
Stack trace:
#0 /home/ubuntu/workspace/mmensinger/challenges/challeng4/reports.php(48): PDOStatement->execute()
#1 {main}
  thrown in /home/ubuntu/workspace/mmensinger/challenges/challeng4/reports.php on line 48
[12-Mar-2018 21:43:06 UTC] PHP Fatal error:  Uncaught exception 'PDOException' with message 'SQLSTATE[42S02]: Base table or view not found: 1146 Table 'ottermart.user' doesn't exist' in /home/ubuntu/workspace/mmensinger/challenges/challeng4/reports.php:61
Stack trace:
#0 /home/ubuntu/workspace/mmensinger/challenges/challeng4/reports.php(61): PDOStatement->execute()
#1 {main}
  thrown in /home/ubuntu/workspace/mmensinger/challenges/challeng4/reports.php on line 61
