[04-May-2018 22:01:27 UTC] PHP Fatal error:  Uncaught exception 'PDOException' with message 'SQLSTATE[42S22]: Column not found: 1054 Unknown column 'id' in 'where clause'' in /home/ubuntu/workspace/mmensinger/finalProject/api/getProductInfo.php:14
Stack trace:
#0 /home/ubuntu/workspace/mmensinger/finalProject/api/getProductInfo.php(14): PDOStatement->execute(Array)
#1 {main}
  thrown in /home/ubuntu/workspace/mmensinger/finalProject/api/getProductInfo.php on line 14
[04-May-2018 22:03:43 UTC] PHP Fatal error:  Uncaught exception 'PDOException' with message 'SQLSTATE[42S22]: Column not found: 1054 Unknown column 'id' in 'where clause'' in /home/ubuntu/workspace/mmensinger/finalProject/api/getProductInfo.php:14
Stack trace:
#0 /home/ubuntu/workspace/mmensinger/finalProject/api/getProductInfo.php(14): PDOStatement->execute(Array)
#1 {main}
  thrown in /home/ubuntu/workspace/mmensinger/finalProject/api/getProductInfo.php on line 14
[04-May-2018 22:04:31 UTC] PHP Fatal error:  Uncaught exception 'PDOException' with message 'SQLSTATE[42S22]: Column not found: 1054 Unknown column 'id' in 'where clause'' in /home/ubuntu/workspace/mmensinger/finalProject/api/getProductInfo.php:14
Stack trace:
#0 /home/ubuntu/workspace/mmensinger/finalProject/api/getProductInfo.php(14): PDOStatement->execute(Array)
#1 {main}
  thrown in /home/ubuntu/workspace/mmensinger/finalProject/api/getProductInfo.php on line 14
[04-May-2018 22:04:33 UTC] PHP Fatal error:  Uncaught exception 'PDOException' with message 'SQLSTATE[42S22]: Column not found: 1054 Unknown column 'id' in 'where clause'' in /home/ubuntu/workspace/mmensinger/finalProject/api/getProductInfo.php:14
Stack trace:
#0 /home/ubuntu/workspace/mmensinger/finalProject/api/getProductInfo.php(14): PDOStatement->execute(Array)
#1 {main}
  thrown in /home/ubuntu/workspace/mmensinger/finalProject/api/getProductInfo.php on line 14
[04-May-2018 22:04:35 UTC] PHP Fatal error:  Uncaught exception 'PDOException' with message 'SQLSTATE[42S22]: Column not found: 1054 Unknown column 'id' in 'where clause'' in /home/ubuntu/workspace/mmensinger/finalProject/api/getProductInfo.php:14
Stack trace:
#0 /home/ubuntu/workspace/mmensinger/finalProject/api/getProductInfo.php(14): PDOStatement->execute(Array)
#1 {main}
  thrown in /home/ubuntu/workspace/mmensinger/finalProject/api/getProductInfo.php on line 14
[04-May-2018 22:05:24 UTC] PHP Fatal error:  Uncaught exception 'PDOException' with message 'SQLSTATE[42S22]: Column not found: 1054 Unknown column 'id' in 'where clause'' in /home/ubuntu/workspace/mmensinger/finalProject/api/getProductInfo.php:14
Stack trace:
#0 /home/ubuntu/workspace/mmensinger/finalProject/api/getProductInfo.php(14): PDOStatement->execute(Array)
#1 {main}
  thrown in /home/ubuntu/workspace/mmensinger/finalProject/api/getProductInfo.php on line 14
[04-May-2018 22:05:26 UTC] PHP Fatal error:  Uncaught exception 'PDOException' with message 'SQLSTATE[42S22]: Column not found: 1054 Unknown column 'id' in 'where clause'' in /home/ubuntu/workspace/mmensinger/finalProject/api/getProductInfo.php:14
Stack trace:
#0 /home/ubuntu/workspace/mmensinger/finalProject/api/getProductInfo.php(14): PDOStatement->execute(Array)
#1 {main}
  thrown in /home/ubuntu/workspace/mmensinger/finalProject/api/getProductInfo.php on line 14
[04-May-2018 22:05:27 UTC] PHP Fatal error:  Uncaught exception 'PDOException' with message 'SQLSTATE[42S22]: Column not found: 1054 Unknown column 'id' in 'where clause'' in /home/ubuntu/workspace/mmensinger/finalProject/api/getProductInfo.php:14
Stack trace:
#0 /home/ubuntu/workspace/mmensinger/finalProject/api/getProductInfo.php(14): PDOStatement->execute(Array)
#1 {main}
  thrown in /home/ubuntu/workspace/mmensinger/finalProject/api/getProductInfo.php on line 14
[04-May-2018 22:05:30 UTC] PHP Fatal error:  Uncaught exception 'PDOException' with message 'SQLSTATE[42S22]: Column not found: 1054 Unknown column 'id' in 'where clause'' in /home/ubuntu/workspace/mmensinger/finalProject/api/getProductInfo.php:14
Stack trace:
#0 /home/ubuntu/workspace/mmensinger/finalProject/api/getProductInfo.php(14): PDOStatement->execute(Array)
#1 {main}
  thrown in /home/ubuntu/workspace/mmensinger/finalProject/api/getProductInfo.php on line 14
[04-May-2018 22:05:32 UTC] PHP Fatal error:  Uncaught exception 'PDOException' with message 'SQLSTATE[42S22]: Column not found: 1054 Unknown column 'id' in 'where clause'' in /home/ubuntu/workspace/mmensinger/finalProject/api/getProductInfo.php:14
Stack trace:
#0 /home/ubuntu/workspace/mmensinger/finalProject/api/getProductInfo.php(14): PDOStatement->execute(Array)
#1 {main}
  thrown in /home/ubuntu/workspace/mmensinger/finalProject/api/getProductInfo.php on line 14
[04-May-2018 22:05:37 UTC] PHP Fatal error:  Uncaught exception 'PDOException' with message 'SQLSTATE[42S22]: Column not found: 1054 Unknown column 'id' in 'where clause'' in /home/ubuntu/workspace/mmensinger/finalProject/api/getProductInfo.php:14
Stack trace:
#0 /home/ubuntu/workspace/mmensinger/finalProject/api/getProductInfo.php(14): PDOStatement->execute(Array)
#1 {main}
  thrown in /home/ubuntu/workspace/mmensinger/finalProject/api/getProductInfo.php on line 14
[04-May-2018 22:05:38 UTC] PHP Fatal error:  Uncaught exception 'PDOException' with message 'SQLSTATE[42S22]: Column not found: 1054 Unknown column 'id' in 'where clause'' in /home/ubuntu/workspace/mmensinger/finalProject/api/getProductInfo.php:14
Stack trace:
#0 /home/ubuntu/workspace/mmensinger/finalProject/api/getProductInfo.php(14): PDOStatement->execute(Array)
#1 {main}
  thrown in /home/ubuntu/workspace/mmensinger/finalProject/api/getProductInfo.php on line 14
[04-May-2018 22:05:40 UTC] PHP Fatal error:  Uncaught exception 'PDOException' with message 'SQLSTATE[42S22]: Column not found: 1054 Unknown column 'id' in 'where clause'' in /home/ubuntu/workspace/mmensinger/finalProject/api/getProductInfo.php:14
Stack trace:
#0 /home/ubuntu/workspace/mmensinger/finalProject/api/getProductInfo.php(14): PDOStatement->execute(Array)
#1 {main}
  thrown in /home/ubuntu/workspace/mmensinger/finalProject/api/getProductInfo.php on line 14
[04-May-2018 22:05:41 UTC] PHP Fatal error:  Uncaught exception 'PDOException' with message 'SQLSTATE[42S22]: Column not found: 1054 Unknown column 'id' in 'where clause'' in /home/ubuntu/workspace/mmensinger/finalProject/api/getProductInfo.php:14
Stack trace:
#0 /home/ubuntu/workspace/mmensinger/finalProject/api/getProductInfo.php(14): PDOStatement->execute(Array)
#1 {main}
  thrown in /home/ubuntu/workspace/mmensinger/finalProject/api/getProductInfo.php on line 14
[04-May-2018 22:05:42 UTC] PHP Fatal error:  Uncaught exception 'PDOException' with message 'SQLSTATE[42S22]: Column not found: 1054 Unknown column 'id' in 'where clause'' in /home/ubuntu/workspace/mmensinger/finalProject/api/getProductInfo.php:14
Stack trace:
#0 /home/ubuntu/workspace/mmensinger/finalProject/api/getProductInfo.php(14): PDOStatement->execute(Array)
#1 {main}
  thrown in /home/ubuntu/workspace/mmensinger/finalProject/api/getProductInfo.php on line 14
[04-May-2018 22:05:44 UTC] PHP Fatal error:  Uncaught exception 'PDOException' with message 'SQLSTATE[42S22]: Column not found: 1054 Unknown column 'id' in 'where clause'' in /home/ubuntu/workspace/mmensinger/finalProject/api/getProductInfo.php:14
Stack trace:
#0 /home/ubuntu/workspace/mmensinger/finalProject/api/getProductInfo.php(14): PDOStatement->execute(Array)
#1 {main}
  thrown in /home/ubuntu/workspace/mmensinger/finalProject/api/getProductInfo.php on line 14
[04-May-2018 22:05:46 UTC] PHP Fatal error:  Uncaught exception 'PDOException' with message 'SQLSTATE[42S22]: Column not found: 1054 Unknown column 'id' in 'where clause'' in /home/ubuntu/workspace/mmensinger/finalProject/api/getProductInfo.php:14
Stack trace:
#0 /home/ubuntu/workspace/mmensinger/finalProject/api/getProductInfo.php(14): PDOStatement->execute(Array)
#1 {main}
  thrown in /home/ubuntu/workspace/mmensinger/finalProject/api/getProductInfo.php on line 14
[04-May-2018 22:05:47 UTC] PHP Fatal error:  Uncaught exception 'PDOException' with message 'SQLSTATE[42S22]: Column not found: 1054 Unknown column 'id' in 'where clause'' in /home/ubuntu/workspace/mmensinger/finalProject/api/getProductInfo.php:14
Stack trace:
#0 /home/ubuntu/workspace/mmensinger/finalProject/api/getProductInfo.php(14): PDOStatement->execute(Array)
#1 {main}
  thrown in /home/ubuntu/workspace/mmensinger/finalProject/api/getProductInfo.php on line 14
[04-May-2018 22:05:53 UTC] PHP Fatal error:  Uncaught exception 'PDOException' with message 'SQLSTATE[42S22]: Column not found: 1054 Unknown column 'id' in 'where clause'' in /home/ubuntu/workspace/mmensinger/finalProject/api/getProductInfo.php:14
Stack trace:
#0 /home/ubuntu/workspace/mmensinger/finalProject/api/getProductInfo.php(14): PDOStatement->execute(Array)
#1 {main}
  thrown in /home/ubuntu/workspace/mmensinger/finalProject/api/getProductInfo.php on line 14
[04-May-2018 22:05:54 UTC] PHP Fatal error:  Uncaught exception 'PDOException' with message 'SQLSTATE[42S22]: Column not found: 1054 Unknown column 'id' in 'where clause'' in /home/ubuntu/workspace/mmensinger/finalProject/api/getProductInfo.php:14
Stack trace:
#0 /home/ubuntu/workspace/mmensinger/finalProject/api/getProductInfo.php(14): PDOStatement->execute(Array)
#1 {main}
  thrown in /home/ubuntu/workspace/mmensinger/finalProject/api/getProductInfo.php on line 14
[04-May-2018 22:05:55 UTC] PHP Fatal error:  Uncaught exception 'PDOException' with message 'SQLSTATE[42S22]: Column not found: 1054 Unknown column 'id' in 'where clause'' in /home/ubuntu/workspace/mmensinger/finalProject/api/getProductInfo.php:14
Stack trace:
#0 /home/ubuntu/workspace/mmensinger/finalProject/api/getProductInfo.php(14): PDOStatement->execute(Array)
#1 {main}
  thrown in /home/ubuntu/workspace/mmensinger/finalProject/api/getProductInfo.php on line 14
[04-May-2018 22:05:56 UTC] PHP Fatal error:  Uncaught exception 'PDOException' with message 'SQLSTATE[42S22]: Column not found: 1054 Unknown column 'id' in 'where clause'' in /home/ubuntu/workspace/mmensinger/finalProject/api/getProductInfo.php:14
Stack trace:
#0 /home/ubuntu/workspace/mmensinger/finalProject/api/getProductInfo.php(14): PDOStatement->execute(Array)
#1 {main}
  thrown in /home/ubuntu/workspace/mmensinger/finalProject/api/getProductInfo.php on line 14
[04-May-2018 22:05:57 UTC] PHP Fatal error:  Uncaught exception 'PDOException' with message 'SQLSTATE[42S22]: Column not found: 1054 Unknown column 'id' in 'where clause'' in /home/ubuntu/workspace/mmensinger/finalProject/api/getProductInfo.php:14
Stack trace:
#0 /home/ubuntu/workspace/mmensinger/finalProject/api/getProductInfo.php(14): PDOStatement->execute(Array)
#1 {main}
  thrown in /home/ubuntu/workspace/mmensinger/finalProject/api/getProductInfo.php on line 14
[04-May-2018 22:05:58 UTC] PHP Fatal error:  Uncaught exception 'PDOException' with message 'SQLSTATE[42S22]: Column not found: 1054 Unknown column 'id' in 'where clause'' in /home/ubuntu/workspace/mmensinger/finalProject/api/getProductInfo.php:14
Stack trace:
#0 /home/ubuntu/workspace/mmensinger/finalProject/api/getProductInfo.php(14): PDOStatement->execute(Array)
#1 {main}
  thrown in /home/ubuntu/workspace/mmensinger/finalProject/api/getProductInfo.php on line 14
[04-May-2018 22:05:59 UTC] PHP Fatal error:  Uncaught exception 'PDOException' with message 'SQLSTATE[42S22]: Column not found: 1054 Unknown column 'id' in 'where clause'' in /home/ubuntu/workspace/mmensinger/finalProject/api/getProductInfo.php:14
Stack trace:
#0 /home/ubuntu/workspace/mmensinger/finalProject/api/getProductInfo.php(14): PDOStatement->execute(Array)
#1 {main}
  thrown in /home/ubuntu/workspace/mmensinger/finalProject/api/getProductInfo.php on line 14
[04-May-2018 22:06:03 UTC] PHP Fatal error:  Uncaught exception 'PDOException' with message 'SQLSTATE[42S22]: Column not found: 1054 Unknown column 'id' in 'where clause'' in /home/ubuntu/workspace/mmensinger/finalProject/api/getProductInfo.php:14
Stack trace:
#0 /home/ubuntu/workspace/mmensinger/finalProject/api/getProductInfo.php(14): PDOStatement->execute(Array)
#1 {main}
  thrown in /home/ubuntu/workspace/mmensinger/finalProject/api/getProductInfo.php on line 14
[04-May-2018 22:08:43 UTC] PHP Fatal error:  Uncaught exception 'PDOException' with message 'SQLSTATE[42S22]: Column not found: 1054 Unknown column 'id' in 'where clause'' in /home/ubuntu/workspace/mmensinger/finalProject/api/getProductInfo.php:14
Stack trace:
#0 /home/ubuntu/workspace/mmensinger/finalProject/api/getProductInfo.php(14): PDOStatement->execute(Array)
#1 {main}
  thrown in /home/ubuntu/workspace/mmensinger/finalProject/api/getProductInfo.php on line 14
[04-May-2018 22:09:05 UTC] PHP Fatal error:  Uncaught exception 'PDOException' with message 'SQLSTATE[42S22]: Column not found: 1054 Unknown column 'id' in 'where clause'' in /home/ubuntu/workspace/mmensinger/finalProject/api/getProductInfo.php:14
Stack trace:
#0 /home/ubuntu/workspace/mmensinger/finalProject/api/getProductInfo.php(14): PDOStatement->execute(Array)
#1 {main}
  thrown in /home/ubuntu/workspace/mmensinger/finalProject/api/getProductInfo.php on line 14
